0.04553833638	0	0	0	0
0.1366150091	0	0	0	0
0.2276916819	0	0	0	0
0.3187683547	0	0	0	0
0.4098450274	0	0	0	0
0.5009217002	0	0	0	0
0.591998373	0.0001985249154	0	0	0
0.6830750457	0	0	0	0
0.7741517185	0	0	0	0
0.8652283913	9.303566145e-05	0	0	0
0.956305064	0.0002285135733	0	0	0
1.047381737	0.0001270159408	0	0	0
1.13845841	0.0002687917298	0	0	0
1.229535082	0.0003226483542	0	0	0
1.320611755	0.0001997833934	0	0	0
1.411688428	0.0003496902115	0	0	0
1.502765101	9.258016249e-05	0	0	0
1.593841773	0.0002469140134	0	0	0
1.684918446	0.0002454981914	0	0	0
1.775995119	0.0002651638659	0	0	0
1.867071792	0.0001399592782	0	0	0
1.958148464	0.0001999562414	0	0	0
2.049225137	0.0002821693827	0	0	0
2.14030181	0.0003195328602	0	0	0
2.231378483	0.0003919792332	0.002799851666	0	0
2.322455156	0.0004781489376	0.002584588852	0	0
2.413531828	0.004188150208	0.00239322869	0	0
2.504608501	0.2133575876	0	0	0
2.595685174	1.639340465	0	0.002069155868	0
2.686761847	3.637952803	0.001931264975	0	0
2.777838519	3.964648544	0	0	0
2.868915192	3.05577152	0.001693830316	0	0
2.959991865	2.115986174	0	0.001591206327	0
3.051068538	1.564667841	0.001497633754	0	0
3.14214521	1.285295166	0.002824157295	0.06636769644	0
3.233221883	1.172185506	0.1453679134	1.541700073	0
3.324298556	1.134103107	1.304473097	8.520707248	0
3.415375229	1.128581958	3.846141435	18.69167368	0
3.506451901	1.138856101	6.188923836	22.35292334	0
3.597528574	1.156615487	6.518343576	18.54566237	0
3.688605247	1.176792522	5.450362169	12.66422749	0
3.77968192	1.203640002	4.026609356	7.49499754	0
3.870758593	1.224393788	2.861374518	4.574477116	0.0004652641493
3.961835265	1.262698368	2.256127081	2.690475956	0
4.052911938	1.293374452	1.831642129	1.689049044	0
4.143988611	1.331205128	1.708177285	1.152045422	0
4.235065284	1.356753823	1.651046674	0.8744950604	0
4.326141956	1.382986708	1.694004979	0.7658034821	0
4.417218629	1.398325728	1.732053228	0.6566653946	0
4.508295302	1.40769394	1.869256158	0.5480864845	0
4.599371975	1.415076022	2.007522554	0.5167096791	0
4.690448647	1.404041529	2.160994975	0.5335946538	0
4.78152532	1.395782728	2.277036844	0.553709013	0
4.872601993	1.380245827	2.37240395	0.5960371309	0
4.963678666	1.361093414	2.582664115	0.6400072555	0
5.054755338	1.341073098	2.615940102	0.8097736987	0
5.145832011	1.320264836	2.646842711	0.9572230053	0
5.236908684	1.300237862	2.723852305	1.173320478	0
5.327985357	1.27965997	2.779851557	1.492082867	0
5.41906203	1.260849233	2.786900276	1.877715603	0.000237385032
5.510138702	1.243031875	2.823653082	2.212450895	0
5.601215375	1.230605545	2.809899992	2.685025424	0
5.692292048	1.230631455	2.839033343	3.127755891	0
5.783368721	1.238692755	2.94165118	3.626521931	0
5.874445393	1.253629583	2.876599142	4.079356958	0
5.965522066	1.271941791	2.805890784	4.552422634	0
6.056598739	1.288723089	2.720238759	4.949793119	0
6.147675412	1.311038251	2.693359598	4.976868146	0
6.238752084	1.329810874	2.638222238	4.64097859	0
6.329828757	1.345047182	2.52631209	4.21713171	0
6.42090543	1.357664179	2.521435513	3.62963618	0
6.511982103	1.367490721	2.491511635	3.214503728	0
6.603058775	1.375785809	2.448837375	2.886929201	0
6.694135448	1.37828972	2.447683466	2.596405049	0.0001555665099
6.785212121	1.377843105	2.422087426	2.421481753	0
6.876288794	1.372709484	2.480427246	2.375159471	0.0001474338591
6.967365467	1.366558857	2.533760028	2.204043806	0
7.058442139	1.356825844	2.543793974	2.21441603	0
7.149518812	1.344119904	2.550588234	2.186179521	0.0001363805066
7.240595485	1.332270103	2.570864673	2.223012083	0.0002659423475
7.331672158	1.319069375	2.614252796	2.27680435	0
7.42274883	1.312171962	2.56668895	2.308071568	0.000126525138
7.513825503	1.304797048	2.678205043	2.40013599	0.0001234764888
7.604902176	1.29918688	2.632039664	2.425439738	0.0002410734259
7.695978849	1.292873785	2.605657818	2.436639631	0.0001177006874
7.787055521	1.289237303	2.688308517	2.481374061	0.0008047451086
7.878132194	1.288860569	2.603597618	2.507001676	0.000561604318
7.969208867	1.292543934	2.683613634	2.547061959	0.001097682278
8.06028554	1.294035137	2.655500766	2.534464526	0.001180317942
8.151362212	1.298088671	2.638458993	2.552007179	0.0009442552464
8.242438885	1.303150275	2.669334776	2.566107638	0.000615668819
8.333515558	1.309249678	2.655475654	2.633793386	0.0006022852471
8.424592231	1.313426679	2.642374435	2.637856212	0.001276888992
8.515668904	1.316721705	2.682480586	2.626531485	0.001153589702
8.606745576	1.322979291	2.670993381	2.654806683	0.001223413218
8.697822249	1.326540357	2.748964585	2.605397716	0.001290074557
8.788898922	1.331254303	2.717917445	2.595721263	0.001353724322
8.879975595	1.332460883	2.728049348	2.560430527	0.0007072524072
8.971052267	1.333456035	2.723352335	2.549244886	0.0006063443493
9.06212894	1.334311135	2.726950697	2.530179693	0.0006791061379
9.153205613	1.312824201	2.660139521	2.513028896	0.0001664147339
9.244282286	1.271058613	2.501117177	2.447440233	0.0004078795136
9.335358958	1.231188174	2.477350842	2.387759853	0.0009599034583
9.426435631	1.192606797	2.357533562	2.34921747	0.0006276295672
9.517512304	1.153529606	2.286309422	2.242134734	0.0004617563124
9.608588977	1.116409615	2.214177972	2.19530113	0.0004530441901
9.699665649	1.079304609	2.144487991	2.154416862	7.409605388e-05
9.790742322	1.041828681	2.019253038	2.106958114	0.0001454478886
9.881818995	1.006169989	1.979633547	1.987486403	0.0002855583912
9.972895668	0.9736703235	1.930183615	1.95219239	0.0001401832824
10.06397234	0.9397941275	1.843784909	1.851356073	0.0002064862896
10.15504901	0.9059361764	1.8016675	1.789634752	0.0018251922
10.24612569	0.8738274223	1.781998625	1.732328966	0.001261662464
10.33720236	0.8438547661	1.728163832	1.610473852	0.001826673737
10.42827903	0.813405383	1.696442874	1.596697366	0.002500048069
10.5193557	0.7843198006	1.663036683	1.508186158	0.002393946282
10.61043238	0.7564337995	1.615413672	1.420484117	0.001919573131
10.70150905	0.7270036036	1.578538375	1.384234253	0.002678377622
10.79258572	0.6994376218	1.503291715	1.328771505	0.002872760662
10.8836624	0.6723137804	1.470233604	1.225292756	0.003648806479
10.97473907	0.6445745152	1.370458585	1.185477352	0.005093350598
11.06581574	0.6162895818	1.360631056	1.164449691	0.005237575612
11.15689241	0.5920352928	1.283735067	1.090631564	0.005152413672
11.24796909	0.5652977203	1.218508332	1.026425486	0.005840729092
11.33904576	0.5388654622	1.167565239	1.016509386	0.006181036375
11.43012243	0.5141801946	1.123100373	0.9434939563	0.006243003783
11.5211991	0.4896115897	1.061928617	0.9088890527	0.006984990409
11.61227578	0.4646716407	1.020004236	0.8469188742	0.007134342855
11.70335245	0.4403154099	0.9689700669	0.808543885	0.005751319338
11.79442912	0.4162106675	0.9208879138	0.7696450032	0.006264202722
11.8855058	0.3933296034	0.862908628	0.7183173961	0.00720488732
11.97658247	0.3703438422	0.7946239384	0.7108360687	0.006075106563
12.06765914	0.3481634897	0.7663033841	0.6608935857	0.005026352781
12.15873581	0.3251757949	0.7111058726	0.6333935067	0.004385467252
12.24981249	0.3028859967	0.6398983572	0.5722570033	0.003763014878
12.34088916	0.28149099	0.5851722006	0.5401307859	0.003341487065
12.43196583	0.2608920093	0.5299905272	0.4865087511	0.003247601528
12.52304251	0.2398152486	0.4877260745	0.455631814	0.002622661173
12.61411918	0.2188590869	0.4397002423	0.4128871147	0.002365864197
12.70519585	0.1981639143	0.391959954	0.3716623363	0.002850303764
12.79627252	0.177475086	0.3688599029	0.3213474777	0.002980170037
12.8873492	0.1582827447	0.3317643602	0.2819829165	0.004197423586
12.97842587	0.1415131605	0.300057151	0.2517169093	0.004635365643
13.06950254	0.1271048532	0.2681373394	0.2238150942	0.006040232302
13.16057921	0.114717401	0.2544570863	0.2022132871	0.005312928723
13.25165589	0.1033266279	0.2350921851	0.1752274409	0.004247697367
13.34273256	0.0928686894	0.2282128493	0.153342745	0.004581486507
13.43380923	0.08343754391	0.2088275643	0.1413815918	0.004056029273
13.52488591	0.07489712755	0.1917712812	0.1261452585	0.00430646955
13.61596258	0.06696128059	0.17432389	0.1078431658	0.00360981308
13.70703925	0.05953885824	0.1585090752	0.09565458704	0.005380106719
13.79811592	0.05308731013	0.1397265736	0.08099454424	0.005199468934
13.8891926	0.04719356574	0.1241679175	0.07090147094	0.00596266193
13.98026927	0.04160176988	0.1059340654	0.0627044064	0.004815184792
14.07134594	0.03676540269	0.09456817553	0.05112173897	0.005281171381
14.16242261	0.03212154806	0.07688123037	0.04719923637	0.004553092757
14.25349929	0.027785161	0.06547050559	0.04206857435	0.003774505039
14.34457596	0.02421220741	0.05217417991	0.03293071615	0.003692847799
14.43565263	0.02053791575	0.04522871027	0.03184743504	0.003612944311
14.52672931	0.0175019582	0.03964203444	0.0254369721	0.001849961607
14.61780598	0.01471339586	0.02949269353	0.02355500523	0.001109238473
14.70888265	0.01225495239	0.02390864426	0.01797981603	0.001321097594
14.79995932	0.01008232862	0.02189665737	0.01540404385	0.0007320103483
14.891036	0.008187505956	0.01653660536	0.01502756152	0.0001886304793
14.98211267	0.006492538232	0.0148454115	0.01291985604	0.0002795161162
15.07318934	0.004945819512	0.009818613088	0.009757246756	3.06831659e-05
15.16426602	0.003789463407	0.009155343591	0.01012544622	0
15.25534269	0.002695333828	0.005871142812	0.00682969674	0
15.34641936	0.001776019178	0.004558449223	0.004617649862	0
15.43749603	0.001091980319	0.002574183446	0.003510250154	0
15.52857271	0.000565478796	0.001503317863	0.00208151704	0
15.61964938	0.000214874979	0.0004571808063	0.0004000332055	0
15.71072605	3.869355546e-05	5.648694228e-05	5.648694228e-05	0
15.80180272	8.375651141e-07	0	0	0
15.8928794	0	0	0	0
15.98395607	0	0	0	0
16.07503274	0	0	0	0
16.16610942	0	0	0	0
16.25718609	0	0	0	0
16.34826276	0	0	0	0
16.43933943	0	0	0	0
16.53041611	0	0	0	0
16.62149278	0	0	0	0
16.71256945	0	0	0	0
16.80364613	0	0	0	0
16.8947228	0	0	0	0
16.98579947	0	0	0	0
17.07687614	0	0	0	0
17.16795282	0	0	0	0
17.25902949	0	0	0	0
17.35010616	0	0	0	0
17.44118283	0	0	0	0
17.53225951	0	0	0	0
17.62333618	0	0	0	0
17.71441285	0	0	0	0
17.80548953	0	0	0	0
17.8965662	0	0	0	0
17.98764287	0	0	0	0
18.07871954	0	0	0	0
18.16979622	0	0	0	0

